<?xml version="1.0" encoding="UTF-8"?>
<!-- Generated by org.testng.reporters.JUnitReportReporter -->
<testsuite hostname="vijay-PC" name="com.Pavanselframework.testcases.TC_MiniStat_01" tests="1" failures="0" timestamp="19 Aug 2021 11:58:37 GMT" time="0.004" errors="1">
  <testcase name="ministat" time="0.004" classname="com.Pavanselframework.testcases.TC_MiniStat_01">
    <error type="org.openqa.selenium.SessionNotCreatedException" message="session not created: This version of ChromeDriver only supports Chrome version 90
Current browser version is 92.0.4515.159 with binary path C:\Program Files (x86)\Google\Chrome\Application\chrome.exe
Build info: version: &#039;3.14.0&#039;, revision: &#039;aacccce0&#039;, time: &#039;2018-08-02T20:19:58.91Z&#039;
System info: host: &#039;VIJAY-PC&#039;, ip: &#039;192.168.246.1&#039;, os.name: &#039;Windows 7&#039;, os.arch: &#039;amd64&#039;, os.version: &#039;6.1&#039;, java.version: &#039;1.8.0_144&#039;
Driver info: driver.version: ChromeDriver
remote stacktrace: Backtrace:
	Ordinal0 [0x0157C013+2474003]
	Ordinal0 [0x015129C1+2042305]
	Ordinal0 [0x01422F68+1060712]
	Ordinal0 [0x0144188E+1185934]
	Ordinal0 [0x0143D600+1168896]
	Ordinal0 [0x0143AA83+1157763]
	Ordinal0 [0x0146A2A2+1352354]
	Ordinal0 [0x01468FAA+1347498]
	Ordinal0 [0x014666DB+1337051]
	Ordinal0 [0x01443427+1192999]
	Ordinal0 [0x014442EE+1196782]
	Ordinal0 [0x01444279+1196665]
	GetHandleVerifier [0x017096FC+1590332]
	GetHandleVerifier [0x017B8614+2306900]
	GetHandleVerifier [0x01609E93+543699]
	GetHandleVerifier [0x016092CE+540686]
	Ordinal0 [0x015186BA+2066106]
	Ordinal0 [0x0151D1C8+2085320]
	Ordinal0 [0x0151D308+2085640]
	Ordinal0 [0x015267F3+2123763]
	BaseThreadInitThunk [0x7751343D+18]
	RtlInitializeExceptionChain [0x77B99812+99]
	RtlInitializeExceptionChain [0x77B997E5+54]
">
      <![CDATA[org.openqa.selenium.SessionNotCreatedException: session not created: This version of ChromeDriver only supports Chrome version 90
Current browser version is 92.0.4515.159 with binary path C:\Program Files (x86)\Google\Chrome\Application\chrome.exe
Build info: version: '3.14.0', revision: 'aacccce0', time: '2018-08-02T20:19:58.91Z'
System info: host: 'VIJAY-PC', ip: '192.168.246.1', os.name: 'Windows 7', os.arch: 'amd64', os.version: '6.1', java.version: '1.8.0_144'
Driver info: driver.version: ChromeDriver
remote stacktrace: Backtrace:
	Ordinal0 [0x0157C013+2474003]
	Ordinal0 [0x015129C1+2042305]
	Ordinal0 [0x01422F68+1060712]
	Ordinal0 [0x0144188E+1185934]
	Ordinal0 [0x0143D600+1168896]
	Ordinal0 [0x0143AA83+1157763]
	Ordinal0 [0x0146A2A2+1352354]
	Ordinal0 [0x01468FAA+1347498]
	Ordinal0 [0x014666DB+1337051]
	Ordinal0 [0x01443427+1192999]
	Ordinal0 [0x014442EE+1196782]
	Ordinal0 [0x01444279+1196665]
	GetHandleVerifier [0x017096FC+1590332]
	GetHandleVerifier [0x017B8614+2306900]
	GetHandleVerifier [0x01609E93+543699]
	GetHandleVerifier [0x016092CE+540686]
	Ordinal0 [0x015186BA+2066106]
	Ordinal0 [0x0151D1C8+2085320]
	Ordinal0 [0x0151D308+2085640]
	Ordinal0 [0x015267F3+2123763]
	BaseThreadInitThunk [0x7751343D+18]
	RtlInitializeExceptionChain [0x77B99812+99]
	RtlInitializeExceptionChain [0x77B997E5+54]

	at sun.reflect.NativeConstructorAccessorImpl.newInstance0(Native Method)
	at sun.reflect.NativeConstructorAccessorImpl.newInstance(NativeConstructorAccessorImpl.java:62)
	at sun.reflect.DelegatingConstructorAccessorImpl.newInstance(DelegatingConstructorAccessorImpl.java:45)
	at java.lang.reflect.Constructor.newInstance(Constructor.java:423)
	at org.openqa.selenium.remote.W3CHandshakeResponse.lambda$new$0(W3CHandshakeResponse.java:57)
	at org.openqa.selenium.remote.W3CHandshakeResponse.lambda$getResponseFunction$2(W3CHandshakeResponse.java:104)
	at org.openqa.selenium.remote.ProtocolHandshake.lambda$createSession$0(ProtocolHandshake.java:122)
	at java.util.stream.ReferencePipeline$3$1.accept(ReferencePipeline.java:193)
	at java.util.Spliterators$ArraySpliterator.tryAdvance(Spliterators.java:958)
	at java.util.stream.ReferencePipeline.forEachWithCancel(ReferencePipeline.java:126)
	at java.util.stream.AbstractPipeline.copyIntoWithCancel(AbstractPipeline.java:498)
	at java.util.stream.AbstractPipeline.copyInto(AbstractPipeline.java:485)
	at java.util.stream.AbstractPipeline.wrapAndCopyInto(AbstractPipeline.java:471)
	at java.util.stream.FindOps$FindOp.evaluateSequential(FindOps.java:152)
	at java.util.stream.AbstractPipeline.evaluate(AbstractPipeline.java:234)
	at java.util.stream.ReferencePipeline.findFirst(ReferencePipeline.java:464)
	at org.openqa.selenium.remote.ProtocolHandshake.createSession(ProtocolHandshake.java:125)
	at org.openqa.selenium.remote.ProtocolHandshake.createSession(ProtocolHandshake.java:73)
	at org.openqa.selenium.remote.HttpCommandExecutor.execute(HttpCommandExecutor.java:136)
	at org.openqa.selenium.remote.service.DriverCommandExecutor.execute(DriverCommandExecutor.java:83)
	at org.openqa.selenium.remote.RemoteWebDriver.execute(RemoteWebDriver.java:548)
	at org.openqa.selenium.remote.RemoteWebDriver.startSession(RemoteWebDriver.java:212)
	at org.openqa.selenium.remote.RemoteWebDriver.<init>(RemoteWebDriver.java:130)
	at org.openqa.selenium.chrome.ChromeDriver.<init>(ChromeDriver.java:181)
	at org.openqa.selenium.chrome.ChromeDriver.<init>(ChromeDriver.java:168)
	at org.openqa.selenium.chrome.ChromeDriver.<init>(ChromeDriver.java:123)
	at com.Pavanselframework.testcases.BaseClass.setup(BaseClass.java:61)
	at sun.reflect.NativeMethodAccessorImpl.invoke0(Native Method)
	at sun.reflect.NativeMethodAccessorImpl.invoke(NativeMethodAccessorImpl.java:62)
	at sun.reflect.DelegatingMethodAccessorImpl.invoke(DelegatingMethodAccessorImpl.java:43)
	at java.lang.reflect.Method.invoke(Method.java:498)
	at org.testng.internal.MethodInvocationHelper.invokeMethod(MethodInvocationHelper.java:86)
	at org.testng.internal.Invoker.invokeConfigurationMethod(Invoker.java:514)
	at org.testng.internal.Invoker.invokeConfigurations(Invoker.java:215)
	at org.testng.internal.Invoker.invokeConfigurations(Invoker.java:142)
	at org.testng.internal.TestMethodWorker.invokeBeforeClassMethods(TestMethodWorker.java:178)
	at org.testng.internal.TestMethodWorker.run(TestMethodWorker.java:108)
	at org.testng.TestRunner.privateRun(TestRunner.java:782)
	at org.testng.TestRunner.run(TestRunner.java:632)
	at org.testng.SuiteRunner.runTest(SuiteRunner.java:366)
	at org.testng.SuiteRunner.runSequentially(SuiteRunner.java:361)
	at org.testng.SuiteRunner.privateRun(SuiteRunner.java:319)
	at org.testng.SuiteRunner.run(SuiteRunner.java:268)
	at org.testng.SuiteRunnerWorker.runSuite(SuiteRunnerWorker.java:52)
	at org.testng.SuiteRunnerWorker.run(SuiteRunnerWorker.java:86)
	at org.testng.TestNG.runSuitesSequentially(TestNG.java:1244)
	at org.testng.TestNG.runSuitesLocally(TestNG.java:1169)
	at org.testng.TestNG.run(TestNG.java:1064)
	at org.testng.remote.RemoteTestNG.run(RemoteTestNG.java:113)
	at org.testng.remote.RemoteTestNG.initAndRun(RemoteTestNG.java:206)
	at org.testng.remote.RemoteTestNG.main(RemoteTestNG.java:177)
]]>
    </error>
  </testcase> <!-- ministat -->
</testsuite> <!-- com.Pavanselframework.testcases.TC_MiniStat_01 -->
